<?xml version="1.0" encoding="UTF-8"?>
<!-- Generated by org.testng.reporters.JUnitXMLReporter -->
<testsuite hostname="san-PC" name="Test" tests="5" failures="0" timestamp="9 Dec 2021 07:15:36 GMT" time="22.355" errors="0">
  <testcase name="verifyCustomer" time="0.005" classname="com.bank.scripts.TestLoginPage"/>
  <testcase name="verifyHomePage" time="0.11" classname="com.bank.scripts.TestLoginPage"/>
  <testcase name="testATMServices" time="6.595" classname="com.bank.scripts.TestServices"/>
  <testcase name="testOnlineServices" time="2.154" classname="com.bank.scripts.TestServices"/>
  <testcase name="news" time="6.349" classname="com.bank.scripts.TestNewsPage"/>
</testsuite> <!-- Test -->
