<?xml version="1.0" encoding="UTF-8"?>
<testng-results skipped="0" failed="0" total="5" passed="5">
  <reporter-output>
    <line>
      <![CDATA[ParaBank | Welcome | Online Banking]]>
    </line>
  </reporter-output>
  <suite name="Suite" duration-ms="22355" started-at="2021-12-09T07:15:13Z" finished-at="2021-12-09T07:15:36Z">
    <groups>
    </groups>
    <test name="Test" duration-ms="22355" started-at="2021-12-09T07:15:13Z" finished-at="2021-12-09T07:15:36Z">
      <class name="com.bank.scripts.TestLoginPage">
        <test-method status="PASS" signature="launchBrowser(java.lang.String)[pri:0, instance:com.bank.scripts.TestLoginPage@52af6cff]" name="launchBrowser" is-config="true" duration-ms="38057" started-at="2021-12-09T12:44:35Z" finished-at="2021-12-09T12:45:13Z">
          <params>
            <param index="0">
              <value>
                <![CDATA[chrome]]>
              </value>
            </param>
          </params>
          <reporter-output>
          </reporter-output>
        </test-method> <!-- launchBrowser -->
        <test-method status="PASS" signature="openApp()[pri:0, instance:com.bank.scripts.TestLoginPage@52af6cff]" name="openApp" is-config="true" duration-ms="6784" started-at="2021-12-09T12:45:13Z" finished-at="2021-12-09T12:45:20Z">
          <reporter-output>
          </reporter-output>
        </test-method> <!-- openApp -->
        <test-method status="PASS" signature="verifyCustomer()[pri:0, instance:com.bank.scripts.TestLoginPage@52af6cff]" name="verifyCustomer" duration-ms="5" started-at="2021-12-09T12:45:20Z" finished-at="2021-12-09T12:45:20Z">
          <reporter-output>
          </reporter-output>
        </test-method> <!-- verifyCustomer -->
        <test-method status="PASS" signature="verifyHomePage()[pri:0, instance:com.bank.scripts.TestLoginPage@52af6cff]" name="verifyHomePage" duration-ms="110" started-at="2021-12-09T12:45:20Z" finished-at="2021-12-09T12:45:20Z">
          <reporter-output>
            <line>
              <![CDATA[ParaBank | Welcome | Online Banking]]>
            </line>
          </reporter-output>
        </test-method> <!-- verifyHomePage -->
        <test-method status="PASS" signature="closeBrowser()[pri:0, instance:com.bank.scripts.TestLoginPage@52af6cff]" name="closeBrowser" is-config="true" duration-ms="330" started-at="2021-12-09T12:45:35Z" finished-at="2021-12-09T12:45:36Z">
          <reporter-output>
          </reporter-output>
        </test-method> <!-- closeBrowser -->
      </class> <!-- com.bank.scripts.TestLoginPage -->
      <class name="com.bank.scripts.TestNewsPage">
        <test-method status="PASS" signature="news(java.lang.String, java.lang.String, java.lang.String)[pri:0, instance:com.bank.scripts.TestNewsPage@2c9f9fb0]" name="news" duration-ms="6349" started-at="2021-12-09T12:45:29Z" finished-at="2021-12-09T12:45:35Z">
          <params>
            <param index="0">
              <value>
                <![CDATA[reopened]]>
              </value>
            </param>
            <param index="1">
              <value>
                <![CDATA[amounttransfernews]]>
              </value>
            </param>
            <param index="2">
              <value>
                <![CDATA[billpaynews]]>
              </value>
            </param>
          </params>
          <reporter-output>
          </reporter-output>
        </test-method> <!-- news -->
      </class> <!-- com.bank.scripts.TestNewsPage -->
      <class name="com.bank.scripts.TestServices">
        <test-method status="PASS" signature="testATMServices(java.lang.String)[pri:0, instance:com.bank.scripts.TestServices@735b478]" name="testATMServices" duration-ms="6595" started-at="2021-12-09T12:45:20Z" finished-at="2021-12-09T12:45:27Z">
          <params>
            <param index="0">
              <value>
                <![CDATA[Check Balances]]>
              </value>
            </param>
          </params>
          <reporter-output>
          </reporter-output>
        </test-method> <!-- testATMServices -->
        <test-method status="PASS" signature="testOnlineServices(java.lang.String)[pri:0, instance:com.bank.scripts.TestServices@735b478]" name="testOnlineServices" duration-ms="2154" started-at="2021-12-09T12:45:27Z" finished-at="2021-12-09T12:45:29Z">
          <params>
            <param index="0">
              <value>
                <![CDATA[Bill Pay]]>
              </value>
            </param>
          </params>
          <reporter-output>
          </reporter-output>
        </test-method> <!-- testOnlineServices -->
      </class> <!-- com.bank.scripts.TestServices -->
    </test> <!-- Test -->
  </suite> <!-- Suite -->
</testng-results>
